<?xml version="1.0" encoding="UTF-8"?>
<testng-results ignored="0" total="1" passed="1" failed="0" skipped="0">
  <reporter-output>
  </reporter-output>
  <suite started-at="2021-12-09T08:21:26Z" name="Default suite" finished-at="2021-12-09T08:21:26Z" duration-ms="31">
    <groups>
    </groups>
    <test started-at="2021-12-09T08:21:26Z" name="Default test" finished-at="2021-12-09T08:21:26Z" duration-ms="31">
      <class name="SDET20practice.CreateTest">
        <test-method signature="createTest()[pri:0, instance:SDET20practice.CreateTest@14f9390f]" started-at="2021-12-09T08:21:26Z" name="createTest" finished-at="2021-12-09T08:21:26Z" duration-ms="9" status="PASS">
          <reporter-output>
          </reporter-output>
        </test-method> <!-- createTest -->
      </class> <!-- SDET20practice.CreateTest -->
    </test> <!-- Default test -->
  </suite> <!-- Default suite -->
</testng-results>
